{"time":"2024-07-28T21:06:39.950324388+05:00","level":"INFO","msg":"Starting auth-service..."}
{"time":"2024-07-28T21:06:40.022373613+05:00","level":"ERROR","msg":"Error connecting to database","error":"pq: database \"5432\" does not exist"}
{"time":"2024-07-28T21:06:50.900290681+05:00","level":"INFO","msg":"Starting auth-service..."}
{"time":"2024-07-28T21:06:50.969602459+05:00","level":"ERROR","msg":"Error connecting to database","error":"pq: database \"5432\" does not exist"}
{"time":"2024-07-28T21:10:27.184779989+05:00","level":"INFO","msg":"Starting auth-service..."}
{"time":"2024-07-28T21:11:06.126121191+05:00","level":"INFO","msg":"Starting auth-service..."}
{"time":"2024-07-28T21:11:06.191494223+05:00","level":"INFO","msg":"server is running ","PORT":":50050"}
{"time":"2024-07-28T21:14:27.137719028+05:00","level":"INFO","msg":"Starting auth-service..."}
{"time":"2024-07-28T21:14:27.209322697+05:00","level":"INFO","msg":"server is running ","PORT":":50050"}
{"time":"2024-07-29T18:55:57.407967918+05:00","level":"INFO","msg":"Starting auth-service..."}
{"time":"2024-07-29T18:55:57.642188823+05:00","level":"INFO","msg":"server is running ","PORT":":50050"}
{"time":"2024-07-29T18:56:54.483240923+05:00","level":"INFO","msg":"Request received","method":"POST","path":"/api/register"}
{"time":"2024-07-29T18:56:54.729729243+05:00","level":"INFO","msg":"Response sent","status":200}
{"time":"2024-07-29T18:57:26.634224884+05:00","level":"INFO","msg":"Request received","method":"POST","path":"/api/login"}
{"time":"2024-07-29T18:57:26.808306865+05:00","level":"INFO","msg":"Response sent","status":200}
{"time":"2024-07-29T19:09:34.812037336+05:00","level":"INFO","msg":"Request received","method":"POST","path":"/api/login"}
{"time":"2024-07-29T19:09:35.010629606+05:00","level":"INFO","msg":"Response sent","status":200}
{"time":"2024-07-29T19:12:43.205724798+05:00","level":"INFO","msg":"Request received","method":"POST","path":"/api/login"}
{"time":"2024-07-29T19:12:43.409948541+05:00","level":"INFO","msg":"Response sent","status":200}
{"time":"2024-07-30T10:38:04.303227926+05:00","level":"INFO","msg":"Starting auth-service..."}
{"time":"2024-07-30T10:38:04.407533911+05:00","level":"INFO","msg":"server is running ","PORT":":50050"}
{"time":"2024-07-30T10:39:05.403242823+05:00","level":"INFO","msg":"Request received","method":"POST","path":"/api/login"}
{"time":"2024-07-30T10:42:21.428949254+05:00","level":"INFO","msg":"Starting auth-service..."}
{"time":"2024-07-30T10:42:21.459739808+05:00","level":"INFO","msg":"server is running ","PORT":":50050"}
{"time":"2024-07-30T10:42:30.306237702+05:00","level":"INFO","msg":"Request received","method":"POST","path":"/api/login"}
{"time":"2024-07-30T10:42:35.970256547+05:00","level":"INFO","msg":"Request received","method":"POST","path":"/api/login"}
{"time":"2024-07-30T10:43:15.050707984+05:00","level":"INFO","msg":"Starting auth-service..."}
{"time":"2024-07-30T10:43:15.080634414+05:00","level":"INFO","msg":"server is running ","PORT":":50050"}
{"time":"2024-07-30T10:43:19.344744681+05:00","level":"INFO","msg":"Request received","method":"POST","path":"/api/login"}
{"time":"2024-07-30T10:44:39.797172275+05:00","level":"INFO","msg":"Starting auth-service..."}
{"time":"2024-07-30T10:44:39.830499699+05:00","level":"INFO","msg":"server is running ","PORT":":50050"}
{"time":"2024-07-30T10:44:43.187821103+05:00","level":"INFO","msg":"Request received","method":"POST","path":"/api/login"}
{"time":"2024-07-30T10:46:38.039685211+05:00","level":"INFO","msg":"Starting auth-service..."}
{"time":"2024-07-30T10:46:38.069607719+05:00","level":"INFO","msg":"server is running ","PORT":":50050"}
{"time":"2024-07-30T10:46:41.664865072+05:00","level":"INFO","msg":"Request received","method":"POST","path":"/api/login"}
{"time":"2024-07-30T10:46:41.666943519+05:00","level":"ERROR","msg":"Error login user","error":"user not found"}
{"time":"2024-07-30T10:46:41.667000447+05:00","level":"ERROR","msg":"Error in login user","error":"user not found"}
{"time":"2024-07-30T10:46:41.667043919+05:00","level":"INFO","msg":"Response sent","status":500}
{"time":"2024-07-30T10:46:51.301014699+05:00","level":"INFO","msg":"Request received","method":"POST","path":"/api/login"}
{"time":"2024-07-30T10:46:51.362990885+05:00","level":"INFO","msg":"Response sent","status":200}
{"time":"2024-07-30T10:49:03.216565594+05:00","level":"INFO","msg":"Request received","method":"POST","path":"/api/login"}
{"time":"2024-07-30T10:49:03.277294026+05:00","level":"INFO","msg":"Response sent","status":200}
{"time":"2024-07-30T10:51:09.655761875+05:00","level":"INFO","msg":"Request received","method":"POST","path":"/api/login"}
{"time":"2024-07-30T10:51:09.71716342+05:00","level":"INFO","msg":"Response sent","status":200}
{"time":"2024-07-30T10:58:37.255841409+05:00","level":"INFO","msg":"Starting auth-service..."}
{"time":"2024-07-30T10:58:37.331098136+05:00","level":"INFO","msg":"server is running ","PORT":":50050"}
{"time":"2024-07-30T10:59:56.276791773+05:00","level":"INFO","msg":"Request received","method":"POST","path":"/api/login"}
{"time":"2024-07-30T10:59:56.44309056+05:00","level":"INFO","msg":"Response sent","status":200}
{"time":"2024-07-30T11:01:47.719469242+05:00","level":"INFO","msg":"Request received","method":"POST","path":"/api/login"}
{"time":"2024-07-30T11:01:47.885363862+05:00","level":"INFO","msg":"Response sent","status":200}
{"time":"2024-07-30T12:05:32.629756777+05:00","level":"INFO","msg":"Starting auth-service..."}
{"time":"2024-07-30T12:05:32.703807367+05:00","level":"INFO","msg":"server is running ","PORT":":50050"}
{"time":"2024-07-30T12:16:04.519356937+05:00","level":"INFO","msg":"Starting auth-service..."}
{"time":"2024-07-30T12:16:04.54914783+05:00","level":"INFO","msg":"server is running ","PORT":":50050"}
{"time":"2024-07-30T12:17:06.704555515+05:00","level":"INFO","msg":"Request received","method":"POST","path":"/api/login"}
{"time":"2024-07-30T12:17:06.776228826+05:00","level":"INFO","msg":"Response sent","status":200}
{"time":"2024-07-30T12:21:39.463787895+05:00","level":"INFO","msg":"Starting auth-service..."}
{"time":"2024-07-30T12:21:39.491578678+05:00","level":"INFO","msg":"server is running ","PORT":":50050"}
{"time":"2024-07-30T12:38:06.995477423+05:00","level":"INFO","msg":"Request received","method":"POST","path":"/api/login"}
{"time":"2024-07-30T12:38:07.052139367+05:00","level":"INFO","msg":"Response sent","status":200}
{"time":"2024-07-30T12:38:11.738627001+05:00","level":"ERROR","msg":"Error creating user","error":"pq: syntax error at or near \"$5\""}
{"time":"2024-07-30T12:39:39.276973783+05:00","level":"INFO","msg":"Starting auth-service..."}
{"time":"2024-07-30T12:39:39.306359065+05:00","level":"INFO","msg":"server is running ","PORT":":50050"}
{"time":"2024-07-30T12:40:45.616808896+05:00","level":"ERROR","msg":"Error getting user by ID","error":"pq: invalid input syntax for type uuid: \"\""}
{"time":"2024-07-30T12:41:56.264999693+05:00","level":"ERROR","msg":"Error getting user by ID","error":"pq: invalid input syntax for type uuid: \"\""}
{"time":"2024-07-30T12:42:56.170878289+05:00","level":"ERROR","msg":"Error getting user by ID","error":"pq: invalid input syntax for type uuid: \"\""}
{"time":"2024-07-30T12:46:09.807907317+05:00","level":"ERROR","msg":"Error getting user by ID","error":"pq: invalid input syntax for type uuid: \"\""}
{"time":"2024-07-30T12:54:20.70974646+05:00","level":"ERROR","msg":"Error getting user by ID","error":"pq: invalid input syntax for type uuid: \"\""}
{"time":"2024-07-30T13:04:54.077093623+05:00","level":"INFO","msg":"Request received","method":"POST","path":"/api/login"}
{"time":"2024-07-30T13:04:54.23663503+05:00","level":"INFO","msg":"Response sent","status":200}
{"time":"2024-07-30T13:12:09.503633119+05:00","level":"INFO","msg":"Request received","method":"POST","path":"/api/login"}
{"time":"2024-07-30T13:12:09.667096986+05:00","level":"INFO","msg":"Response sent","status":200}
{"time":"2024-07-30T13:14:48.938914953+05:00","level":"INFO","msg":"Request received","method":"POST","path":"/api/login"}
{"time":"2024-07-30T13:14:49.100670569+05:00","level":"INFO","msg":"Response sent","status":200}
{"time":"2024-07-30T14:28:04.328209757+05:00","level":"INFO","msg":"Request received","method":"POST","path":"/api/login"}
{"time":"2024-07-30T14:28:04.396347031+05:00","level":"INFO","msg":"Response sent","status":200}
{"time":"2024-07-30T14:28:51.12894497+05:00","level":"INFO","msg":"Request received","method":"POST","path":"/api/login"}
{"time":"2024-07-30T14:28:51.185240505+05:00","level":"INFO","msg":"Response sent","status":200}
{"time":"2024-07-30T14:50:34.29922944+05:00","level":"INFO","msg":"Request received","method":"POST","path":"/api/login"}
{"time":"2024-07-30T14:50:34.360104524+05:00","level":"INFO","msg":"Response sent","status":200}
{"time":"2024-07-30T15:10:44.90155214+05:00","level":"INFO","msg":"Request received","method":"POST","path":"/api/login"}
{"time":"2024-07-30T15:10:44.962001067+05:00","level":"INFO","msg":"Response sent","status":200}
{"time":"2024-07-31T16:22:11.730551111+05:00","level":"INFO","msg":"Starting auth-service..."}
{"time":"2024-07-31T16:22:11.744978038+05:00","level":"INFO","msg":"server is running ","PORT":":50050"}
{"time":"2024-07-31T16:29:04.701005419+05:00","level":"INFO","msg":"Request received","method":"POST","path":"/api/login"}
{"time":"2024-07-31T16:29:04.715383848+05:00","level":"ERROR","msg":"Error login user","error":"user not found"}
{"time":"2024-07-31T16:29:04.715413377+05:00","level":"ERROR","msg":"Error in login user","error":"user not found"}
{"time":"2024-07-31T16:29:04.715440554+05:00","level":"INFO","msg":"Response sent","status":500}
{"time":"2024-07-31T16:31:27.030661209+05:00","level":"INFO","msg":"Request received","method":"POST","path":"/api/login"}
{"time":"2024-07-31T16:31:27.091067316+05:00","level":"INFO","msg":"Response sent","status":200}
{"time":"2024-07-31T16:32:49.975595213+05:00","level":"INFO","msg":"Starting auth-service..."}
{"time":"2024-07-31T16:32:49.981236563+05:00","level":"ERROR","msg":"Error create to new listener","error":"listen tcp: address 50050: missing port in address"}
{"time":"2024-07-31T16:33:14.343668206+05:00","level":"INFO","msg":"Starting auth-service..."}
{"time":"2024-07-31T16:33:14.349245365+05:00","level":"ERROR","msg":"Error create to new listener","error":"listen tcp: address 50050: missing port in address"}
{"time":"2024-07-31T16:33:27.840543628+05:00","level":"INFO","msg":"Starting auth-service..."}
{"time":"2024-07-31T16:34:01.930562344+05:00","level":"INFO","msg":"Starting auth-service..."}
{"time":"2024-07-31T16:34:01.93607336+05:00","level":"INFO","msg":"server is running ","PORT":":50050"}
{"time":"2024-07-31T16:34:06.029895749+05:00","level":"INFO","msg":"Request received","method":"POST","path":"/api/login"}
{"time":"2024-07-31T16:34:06.030521114+05:00","level":"ERROR","msg":"Error login user","error":"pq: relation \"users\" does not exist"}
{"time":"2024-07-31T16:34:06.030552639+05:00","level":"ERROR","msg":"Error in login user","error":"pq: relation \"users\" does not exist"}
{"time":"2024-07-31T16:34:06.030589136+05:00","level":"INFO","msg":"Response sent","status":500}
{"time":"2024-07-31T16:34:13.135143873+05:00","level":"INFO","msg":"Request received","method":"POST","path":"/api/login"}
{"time":"2024-07-31T16:34:13.135607411+05:00","level":"ERROR","msg":"Error login user","error":"pq: relation \"users\" does not exist"}
{"time":"2024-07-31T16:34:13.135628953+05:00","level":"ERROR","msg":"Error in login user","error":"pq: relation \"users\" does not exist"}
{"time":"2024-07-31T16:34:13.135663562+05:00","level":"INFO","msg":"Response sent","status":500}
{"time":"2024-07-31T16:34:13.602896413+05:00","level":"INFO","msg":"Request received","method":"POST","path":"/api/login"}
{"time":"2024-07-31T16:34:13.603218471+05:00","level":"ERROR","msg":"Error login user","error":"pq: relation \"users\" does not exist"}
{"time":"2024-07-31T16:34:13.603235464+05:00","level":"ERROR","msg":"Error in login user","error":"pq: relation \"users\" does not exist"}
{"time":"2024-07-31T16:34:13.603253491+05:00","level":"INFO","msg":"Response sent","status":500}
{"time":"2024-07-31T16:37:03.543726756+05:00","level":"INFO","msg":"Starting auth-service..."}
{"time":"2024-07-31T16:37:03.550186664+05:00","level":"INFO","msg":"server is running ","PORT":":50050"}
{"time":"2024-08-03T14:55:00.809486774+05:00","level":"ERROR","msg":"Error connecting to database","error":"pq: password authentication failed for user \"postgres\""}
{"time":"2024-08-03T14:55:32.629167047+05:00","level":"ERROR","msg":"Error connecting to database","error":"pq: database \"lingua_leap_users\" does not exist"}
